# JRE version: Java(TM) SE Runtime Environment (8.0-b132) (build 1.8.0-b132)
# Java VM: Java HotSpot(TM) 64-Bit Server VM (25.0-b70 mixed mode windows-amd64 compressed oops)
Heap:
 PSYoungGen      total 162816K, used 39920K [0x00000000eab00000, 0x00000000f8980000, 0x0000000100000000)
  eden space 105984K, 0% used [0x00000000eab00000,0x00000000eab00000,0x00000000f1280000)
  from space 56832K, 70% used [0x00000000f4c00000,0x00000000f72fc108,0x00000000f8380000)
  to   space 58880K, 0% used [0x00000000f1280000,0x00000000f1280000,0x00000000f4c00000)
 ParOldGen       total 44544K, used 42189K [0x00000000c0000000, 0x00000000c2b80000, 0x00000000eab00000)
  object space 44544K, 94% used [0x00000000c0000000,0x00000000c29337e8,0x00000000c2b80000)
 Metaspace       used 75175K, capacity 79502K, committed 79616K, reserved 1118208K
  class space    used 10402K, capacity 11208K, committed 11264K, reserved 1048576K
GC Heap History (10 events):
Event: 1758.316 GC heap after
Heap after GC invocations=51 (full 5):
 PSYoungGen      total 142336K, used 30823K [0x00000000eab00000, 0x00000000f6780000, 0x0000000100000000)
  eden space 96256K, 0% used [0x00000000eab00000,0x00000000eab00000,0x00000000f0900000)
  from space 46080K, 66% used [0x00000000f3780000,0x00000000f5599fe8,0x00000000f6480000)
  to   space 47616K, 0% used [0x00000000f0900000,0x00000000f0900000,0x00000000f3780000)
 ParOldGen       total 44544K, used 36585K [0x00000000c0000000, 0x00000000c2b80000, 0x00000000eab00000)
  object space 44544K, 82% used [0x00000000c0000000,0x00000000c23ba7a8,0x00000000c2b80000)
 Metaspace       used 64225K, capacity 67188K, committed 67456K, reserved 1107968K
  class space    used 8947K, capacity 9595K, committed 9600K, reserved 1048576K
}
Event: 1760.955 GC heap before
{Heap before GC invocations=52 (full 5):
 PSYoungGen      total 142336K, used 127079K [0x00000000eab00000, 0x00000000f6780000, 0x0000000100000000)
  eden space 96256K, 100% used [0x00000000eab00000,0x00000000f0900000,0x00000000f0900000)
  from space 46080K, 66% used [0x00000000f3780000,0x00000000f5599fe8,0x00000000f6480000)
  to   space 47616K, 0% used [0x00000000f0900000,0x00000000f0900000,0x00000000f3780000)
 ParOldGen       total 44544K, used 36585K [0x00000000c0000000, 0x00000000c2b80000, 0x00000000eab00000)
  object space 44544K, 82% used [0x00000000c0000000,0x00000000c23ba7a8,0x00000000c2b80000)
 Metaspace       used 67894K, capacity 71686K, committed 71936K, reserved 1112064K
  class space    used 9447K, capacity 10205K, committed 10240K, reserved 1048576K
Event: 1761.002 GC heap after
Heap after GC invocations=52 (full 5):
 PSYoungGen      total 143872K, used 37811K [0x00000000eab00000, 0x00000000f7580000, 0x0000000100000000)
  eden space 96256K, 0% used [0x00000000eab00000,0x00000000eab00000,0x00000000f0900000)
  from space 47616K, 79% used [0x00000000f0900000,0x00000000f2decc48,0x00000000f3780000)
  to   space 51200K, 0% used [0x00000000f4380000,0x00000000f4380000,0x00000000f7580000)
 ParOldGen       total 44544K, used 36593K [0x00000000c0000000, 0x00000000c2b80000, 0x00000000eab00000)
  object space 44544K, 82% used [0x00000000c0000000,0x00000000c23bc7a8,0x00000000c2b80000)
 Metaspace       used 67894K, capacity 71686K, committed 71936K, reserved 1112064K
  class space    used 9447K, capacity 10205K, committed 10240K, reserved 1048576K
}
Event: 1769.347 GC heap before
{Heap before GC invocations=53 (full 5):
 PSYoungGen      total 143872K, used 134067K [0x00000000eab00000, 0x00000000f7580000, 0x0000000100000000)
  eden space 96256K, 100% used [0x00000000eab00000,0x00000000f0900000,0x00000000f0900000)
  from space 47616K, 79% used [0x00000000f0900000,0x00000000f2decc48,0x00000000f3780000)
  to   space 51200K, 0% used [0x00000000f4380000,0x00000000f4380000,0x00000000f7580000)
 ParOldGen       total 44544K, used 36593K [0x00000000c0000000, 0x00000000c2b80000, 0x00000000eab00000)
  object space 44544K, 82% used [0x00000000c0000000,0x00000000c23bc7a8,0x00000000c2b80000)
 Metaspace       used 69125K, capacity 72956K, committed 73088K, reserved 1112064K
  class space    used 9579K, capacity 10340K, committed 10368K, reserved 1048576K
Event: 1769.400 GC heap after
Heap after GC invocations=53 (full 5):
 PSYoungGen      total 153088K, used 39098K [0x00000000eab00000, 0x00000000f7a80000, 0x0000000100000000)
  eden space 101888K, 0% used [0x00000000eab00000,0x00000000eab00000,0x00000000f0e80000)
  from space 51200K, 76% used [0x00000000f4380000,0x00000000f69ae878,0x00000000f7580000)
  to   space 54272K, 0% used [0x00000000f0e80000,0x00000000f0e80000,0x00000000f4380000)
 ParOldGen       total 44544K, used 36753K [0x00000000c0000000, 0x00000000c2b80000, 0x00000000eab00000)
  object space 44544K, 82% used [0x00000000c0000000,0x00000000c23e47a8,0x00000000c2b80000)
 Metaspace       used 69125K, capacity 72956K, committed 73088K, reserved 1112064K
  class space    used 9579K, capacity 10340K, committed 10368K, reserved 1048576K
}
Event: 2102.141 GC heap before
{Heap before GC invocations=54 (full 5):
 PSYoungGen      total 153088K, used 140986K [0x00000000eab00000, 0x00000000f7a80000, 0x0000000100000000)
  eden space 101888K, 100% used [0x00000000eab00000,0x00000000f0e80000,0x00000000f0e80000)
  from space 51200K, 76% used [0x00000000f4380000,0x00000000f69ae878,0x00000000f7580000)
  to   space 54272K, 0% used [0x00000000f0e80000,0x00000000f0e80000,0x00000000f4380000)
 ParOldGen       total 44544K, used 36753K [0x00000000c0000000, 0x00000000c2b80000, 0x00000000eab00000)
  object space 44544K, 82% used [0x00000000c0000000,0x00000000c23e47a8,0x00000000c2b80000)
 Metaspace       used 73589K, capacity 77752K, committed 78080K, reserved 1116160K
  class space    used 10151K, capacity 10944K, committed 11008K, reserved 1048576K
Event: 2102.300 GC heap after
Heap after GC invocations=54 (full 5):
 PSYoungGen      total 156160K, used 39867K [0x00000000eab00000, 0x00000000f8380000, 0x0000000100000000)
  eden space 101888K, 0% used [0x00000000eab00000,0x00000000eab00000,0x00000000f0e80000)
  from space 54272K, 73% used [0x00000000f0e80000,0x00000000f356edf8,0x00000000f4380000)
  to   space 56832K, 0% used [0x00000000f4c00000,0x00000000f4c00000,0x00000000f8380000)
 ParOldGen       total 44544K, used 39939K [0x00000000c0000000, 0x00000000c2b80000, 0x00000000eab00000)
  object space 44544K, 89% used [0x00000000c0000000,0x00000000c2700fd8,0x00000000c2b80000)
 Metaspace       used 73589K, capacity 77752K, committed 78080K, reserved 1116160K
  class space    used 10151K, capacity 10944K, committed 11008K, reserved 1048576K
}
Event: 2103.641 GC heap before
{Heap before GC invocations=55 (full 5):
 PSYoungGen      total 156160K, used 141755K [0x00000000eab00000, 0x00000000f8380000, 0x0000000100000000)
  eden space 101888K, 100% used [0x00000000eab00000,0x00000000f0e80000,0x00000000f0e80000)
  from space 54272K, 73% used [0x00000000f0e80000,0x00000000f356edf8,0x00000000f4380000)
  to   space 56832K, 0% used [0x00000000f4c00000,0x00000000f4c00000,0x00000000f8380000)
 ParOldGen       total 44544K, used 39939K [0x00000000c0000000, 0x00000000c2b80000, 0x00000000eab00000)
  object space 44544K, 89% used [0x00000000c0000000,0x00000000c2700fd8,0x00000000c2b80000)
 Metaspace       used 75175K, capacity 79502K, committed 79616K, reserved 1118208K
  class space    used 10402K, capacity 11208K, committed 11264K, reserved 1048576K
Event: 2103.768 GC heap after
Heap after GC invocations=55 (full 5):
 PSYoungGen      total 162816K, used 39920K [0x00000000eab00000, 0x00000000f8980000, 0x0000000100000000)
  eden space 105984K, 0% used [0x00000000eab00000,0x00000000eab00000,0x00000000f1280000)
  from space 56832K, 70% used [0x00000000f4c00000,0x00000000f72fc108,0x00000000f8380000)
  to   space 58880K, 0% used [0x00000000f1280000,0x00000000f1280000,0x00000000f4c00000)
 ParOldGen       total 44544K, used 42189K [0x00000000c0000000, 0x00000000c2b80000, 0x00000000eab00000)
  object space 44544K, 94% used [0x00000000c0000000,0x00000000c29337e8,0x00000000c2b80000)
 Metaspace       used 75175K, capacity 79502K, committed 79616K, reserved 1118208K
  class space    used 10402K, capacity 11208K, committed 11264K, reserved 1048576K
}
Event: 2103.768 GC heap before
{Heap before GC invocations=56 (full 6):
 PSYoungGen      total 162816K, used 39920K [0x00000000eab00000, 0x00000000f8980000, 0x0000000100000000)
  eden space 105984K, 0% used [0x00000000eab00000,0x00000000eab00000,0x00000000f1280000)
  from space 56832K, 70% used [0x00000000f4c00000,0x00000000f72fc108,0x00000000f8380000)
  to   space 58880K, 0% used [0x00000000f1280000,0x00000000f1280000,0x00000000f4c00000)
 ParOldGen       total 44544K, used 42189K [0x00000000c0000000, 0x00000000c2b80000, 0x00000000eab00000)
  object space 44544K, 94% used [0x00000000c0000000,0x00000000c29337e8,0x00000000c2b80000)
 Metaspace       used 75175K, capacity 79502K, committed 79616K, reserved 1118208K
  class space    used 10402K, capacity 11208K, committed 11264K, reserved 1048576K

